<?xml version="1.0" encoding="utf-8"?><testsuites name="pytest tests"><testsuite name="pytest" errors="0" failures="0" skipped="0" tests="3" time="34.424" timestamp="2026-09-22T19:54:56.479045+04:00" hostname="ciai-login-1"><testcase classname="tests.test_s1_warmup_queue" name="test_report_only_cli_recovery[None]" time="11.375" /><testcase classname="tests.test_s1_warmup_queue" name="test_report_only_cli_recovery[reference]" time="6.865" /><testcase classname="tests.test_s1_warmup_queue" name="test_report_only_cli_recovery[early]" time="8.734" /></testsuite></testsuites>