<?xml version="1.0" encoding="utf-8"?><testsuites name="pytest tests"><testsuite name="pytest" errors="0" failures="0" skipped="0" tests="60" time="82.892" timestamp="2026-09-22T21:29:32.259891+04:00" hostname="gpu-53"><testcase classname="tests.test_s1_warmup_campaign" name="test_warmup_runtime_applies_full_horizon_schedule[S1-linear-w256]" time="7.183" /><testcase classname="tests.test_s1_warmup_campaign" name="test_warmup_runtime_applies_full_horizon_schedule[S1-geometric-w256]" time="6.931" /><testcase classname="tests.test_s1_warmup_campaign" name="test_warmup_runtime_seeded_resume_boundaries[255-S1-linear-w256]" time="0.987" /><testcase classname="tests.test_s1_warmup_campaign" name="test_warmup_runtime_seeded_resume_boundaries[255-S1-geometric-w256]" time="0.996" /><testcase classname="tests.test_s1_warmup_campaign" name="test_warmup_runtime_seeded_resume_boundaries[256-S1-linear-w256]" time="0.992" /><testcase classname="tests.test_s1_warmup_campaign" name="test_warmup_runtime_seeded_resume_boundaries[256-S1-geometric-w256]" time="0.997" /><testcase classname="tests.test_s1_warmup_campaign" name="test_warmup_runtime_seeded_resume_boundaries[257-S1-linear-w256]" time="0.995" /><testcase classname="tests.test_s1_warmup_campaign" name="test_warmup_runtime_seeded_resume_boundaries[257-S1-geometric-w256]" time="0.998" /><testcase classname="tests.test_s1_warmup_campaign" name="test_warmup_runtime_seeded_resume_boundaries[87131-S1-linear-w256]" time="1.914" /><testcase classname="tests.test_s1_warmup_campaign" name="test_warmup_runtime_seeded_resume_boundaries[87131-S1-geometric-w256]" time="2.313" /><testcase classname="tests.test_s1_warmup_campaign" name="test_warmup_runtime_seeded_resume_boundaries[87132-S1-linear-w256]" time="1.917" /><testcase classname="tests.test_s1_warmup_campaign" name="test_warmup_runtime_seeded_resume_boundaries[87132-S1-geometric-w256]" time="1.928" /><testcase classname="tests.test_s1_warmup_campaign" name="test_warmup_runtime_seeded_resume_boundaries[87133-S1-linear-w256]" time="1.922" /><testcase classname="tests.test_s1_warmup_campaign" name="test_warmup_runtime_seeded_resume_boundaries[87133-S1-geometric-w256]" time="1.928" /><testcase classname="tests.test_s1_warmup_campaign" name="test_warmup_runtime_seeded_resume_boundaries[174263-S1-linear-w256]" time="2.837" /><testcase classname="tests.test_s1_warmup_campaign" name="test_warmup_runtime_seeded_resume_boundaries[174263-S1-geometric-w256]" time="2.836" /><testcase classname="tests.test_s1_warmup_campaign" name="test_warmup_runtime_seeded_resume_boundaries[174264-S1-linear-w256]" time="1.997" /><testcase classname="tests.test_s1_warmup_campaign" name="test_warmup_runtime_seeded_resume_boundaries[174264-S1-geometric-w256]" time="2.006" /><testcase classname="tests.test_s1_warmup_campaign" name="test_warmup_runtime_seeded_resume_boundaries[174265-S1-linear-w256]" time="1.998" /><testcase classname="tests.test_s1_warmup_campaign" name="test_warmup_runtime_seeded_resume_boundaries[174265-S1-geometric-w256]" time="2.003" /><testcase classname="tests.test_s1_warmup_campaign" name="test_warmup_runtime_seeded_resume_boundaries[261395-S1-linear-w256]" time="2.937" /><testcase classname="tests.test_s1_warmup_campaign" name="test_warmup_runtime_seeded_resume_boundaries[261395-S1-geometric-w256]" time="2.929" /><testcase classname="tests.test_s1_warmup_campaign" name="test_warmup_runtime_seeded_resume_boundaries[261396-S1-linear-w256]" time="2.090" /><testcase classname="tests.test_s1_warmup_campaign" name="test_warmup_runtime_seeded_resume_boundaries[261396-S1-geometric-w256]" time="2.076" /><testcase classname="tests.test_s1_warmup_campaign" name="test_warmup_runtime_seeded_resume_boundaries[261397-S1-linear-w256]" time="2.063" /><testcase classname="tests.test_s1_warmup_campaign" name="test_warmup_runtime_seeded_resume_boundaries[261397-S1-geometric-w256]" time="2.052" /><testcase classname="tests.test_s1_warmup_campaign" name="test_warmup_runtime_seeded_resume_boundaries[348527-S1-linear-w256]" time="1.528" /><testcase classname="tests.test_s1_warmup_campaign" name="test_warmup_runtime_seeded_resume_boundaries[348527-S1-geometric-w256]" time="1.501" /><testcase classname="tests.test_s1_warmup_campaign" name="test_warmup_runtime_shared_tail_and_grid_summary[S1-linear-w256]" time="0.560" /><testcase classname="tests.test_s1_warmup_campaign" name="test_warmup_runtime_shared_tail_and_grid_summary[S1-geometric-w256]" time="0.554" /><testcase classname="tests.test_s1_warmup_campaign" name="test_warmup_runtime_rejects_before_mutation[cross_run-S1-linear-w256]" time="0.665" /><testcase classname="tests.test_s1_warmup_campaign" name="test_warmup_runtime_rejects_before_mutation[cross_run-S1-geometric-w256]" time="0.665" /><testcase classname="tests.test_s1_warmup_campaign" name="test_warmup_runtime_rejects_before_mutation[grid-S1-linear-w256]" time="0.664" /><testcase classname="tests.test_s1_warmup_campaign" name="test_warmup_runtime_rejects_before_mutation[grid-S1-geometric-w256]" time="0.665" /><testcase classname="tests.test_s1_warmup_campaign" name="test_warmup_runtime_rejects_before_mutation[warmup64-S1-linear-w256]" time="0.670" /><testcase classname="tests.test_s1_warmup_campaign" name="test_warmup_runtime_rejects_before_mutation[warmup64-S1-geometric-w256]" time="0.672" /><testcase classname="tests.test_s1_warmup_campaign" name="test_warmup_runtime_rejects_before_mutation[horizon-S1-linear-w256]" time="0.677" /><testcase classname="tests.test_s1_warmup_campaign" name="test_warmup_runtime_rejects_before_mutation[horizon-S1-geometric-w256]" time="0.660" /><testcase classname="tests.test_s1_warmup_campaign" name="test_warmup_runtime_rejects_before_mutation[model_only-S1-linear-w256]" time="0.656" /><testcase classname="tests.test_s1_warmup_campaign" name="test_warmup_runtime_rejects_before_mutation[model_only-S1-geometric-w256]" time="0.655" /><testcase classname="tests.test_s1_warmup_campaign" name="test_warmup_runtime_rejects_before_mutation[nan-S1-linear-w256]" time="0.662" /><testcase classname="tests.test_s1_warmup_campaign" name="test_warmup_runtime_rejects_before_mutation[nan-S1-geometric-w256]" time="0.671" /><testcase classname="tests.test_s1_warmup_campaign" name="test_warmup_runtime_rejects_before_mutation[clock-S1-linear-w256]" time="0.659" /><testcase classname="tests.test_s1_warmup_campaign" name="test_warmup_runtime_rejects_before_mutation[clock-S1-geometric-w256]" time="0.659" /><testcase classname="tests.test_s1_warmup_campaign" name="test_warmup_runtime_rejects_before_mutation[cursor-S1-linear-w256]" time="0.672" /><testcase classname="tests.test_s1_warmup_campaign" name="test_warmup_runtime_rejects_before_mutation[cursor-S1-geometric-w256]" time="0.668" /><testcase classname="tests.test_s1_warmup_campaign" name="test_warmup_runtime_rejects_before_mutation[rng-S1-linear-w256]" time="0.662" /><testcase classname="tests.test_s1_warmup_campaign" name="test_warmup_runtime_rejects_before_mutation[rng-S1-geometric-w256]" time="0.660" /><testcase classname="tests.test_s1_warmup_campaign" name="test_warmup_runtime_rejects_before_mutation[metrics-S1-linear-w256]" time="0.669" /><testcase classname="tests.test_s1_warmup_campaign" name="test_warmup_runtime_rejects_before_mutation[metrics-S1-geometric-w256]" time="0.682" /><testcase classname="tests.test_s1_warmup_campaign" name="test_warmup_runtime_partial_failure_preserves_durable[optimizer-S1-linear-w256]" time="0.374" /><testcase classname="tests.test_s1_warmup_campaign" name="test_warmup_runtime_partial_failure_preserves_durable[optimizer-S1-geometric-w256]" time="0.364" /><testcase classname="tests.test_s1_warmup_campaign" name="test_warmup_runtime_partial_failure_preserves_durable[scheduler-S1-linear-w256]" time="0.362" /><testcase classname="tests.test_s1_warmup_campaign" name="test_warmup_runtime_partial_failure_preserves_durable[scheduler-S1-geometric-w256]" time="0.363" /><testcase classname="tests.test_s1_warmup_campaign" name="test_warmup_runtime_partial_failure_preserves_durable[accounting-S1-linear-w256]" time="0.364" /><testcase classname="tests.test_s1_warmup_campaign" name="test_warmup_runtime_partial_failure_preserves_durable[accounting-S1-geometric-w256]" time="0.365" /><testcase classname="tests.test_s1_warmup_campaign" name="test_warmup_runtime_terminal_only_recovery[S1-linear-w256]" time="0.548" /><testcase classname="tests.test_s1_warmup_campaign" name="test_warmup_runtime_terminal_only_recovery[S1-geometric-w256]" time="0.543" /><testcase classname="tests.test_s1_warmup_campaign" name="test_warmup_runtime_trainer_reentry_zero_extra_updates[S1-linear-w256]" time="1.083" /><testcase classname="tests.test_s1_warmup_campaign" name="test_warmup_runtime_trainer_reentry_zero_extra_updates[S1-geometric-w256]" time="1.088" /></testsuite></testsuites>