<?xml version="1.0" encoding="utf-8"?><testsuites name="pytest tests"><testsuite name="pytest" errors="0" failures="0" skipped="0" tests="60" time="69.703" timestamp="2026-09-22T20:58:55.911484+04:00" hostname="gpu-53"><testcase classname="tests.test_s1_warmup_campaign" name="test_warmup_runtime_applies_full_horizon_schedule[S1-linear-w256]" time="7.205" /><testcase classname="tests.test_s1_warmup_campaign" name="test_warmup_runtime_applies_full_horizon_schedule[S1-geometric-w256]" time="6.978" /><testcase classname="tests.test_s1_warmup_campaign" name="test_warmup_runtime_seeded_resume_boundaries[255-S1-linear-w256]" time="0.858" /><testcase classname="tests.test_s1_warmup_campaign" name="test_warmup_runtime_seeded_resume_boundaries[255-S1-geometric-w256]" time="0.734" /><testcase classname="tests.test_s1_warmup_campaign" name="test_warmup_runtime_seeded_resume_boundaries[256-S1-linear-w256]" time="0.726" /><testcase classname="tests.test_s1_warmup_campaign" name="test_warmup_runtime_seeded_resume_boundaries[256-S1-geometric-w256]" time="0.736" /><testcase classname="tests.test_s1_warmup_campaign" name="test_warmup_runtime_seeded_resume_boundaries[257-S1-linear-w256]" time="0.741" /><testcase classname="tests.test_s1_warmup_campaign" name="test_warmup_runtime_seeded_resume_boundaries[257-S1-geometric-w256]" time="0.733" /><testcase classname="tests.test_s1_warmup_campaign" name="test_warmup_runtime_seeded_resume_boundaries[87131-S1-linear-w256]" time="1.443" /><testcase classname="tests.test_s1_warmup_campaign" name="test_warmup_runtime_seeded_resume_boundaries[87131-S1-geometric-w256]" time="1.325" /><testcase classname="tests.test_s1_warmup_campaign" name="test_warmup_runtime_seeded_resume_boundaries[87132-S1-linear-w256]" time="1.311" /><testcase classname="tests.test_s1_warmup_campaign" name="test_warmup_runtime_seeded_resume_boundaries[87132-S1-geometric-w256]" time="1.309" /><testcase classname="tests.test_s1_warmup_campaign" name="test_warmup_runtime_seeded_resume_boundaries[87133-S1-linear-w256]" time="1.313" /><testcase classname="tests.test_s1_warmup_campaign" name="test_warmup_runtime_seeded_resume_boundaries[87133-S1-geometric-w256]" time="1.371" /><testcase classname="tests.test_s1_warmup_campaign" name="test_warmup_runtime_seeded_resume_boundaries[174263-S1-linear-w256]" time="1.894" /><testcase classname="tests.test_s1_warmup_campaign" name="test_warmup_runtime_seeded_resume_boundaries[174263-S1-geometric-w256]" time="1.891" /><testcase classname="tests.test_s1_warmup_campaign" name="test_warmup_runtime_seeded_resume_boundaries[174264-S1-linear-w256]" time="1.397" /><testcase classname="tests.test_s1_warmup_campaign" name="test_warmup_runtime_seeded_resume_boundaries[174264-S1-geometric-w256]" time="1.398" /><testcase classname="tests.test_s1_warmup_campaign" name="test_warmup_runtime_seeded_resume_boundaries[174265-S1-linear-w256]" time="1.388" /><testcase classname="tests.test_s1_warmup_campaign" name="test_warmup_runtime_seeded_resume_boundaries[174265-S1-geometric-w256]" time="1.392" /><testcase classname="tests.test_s1_warmup_campaign" name="test_warmup_runtime_seeded_resume_boundaries[261395-S1-linear-w256]" time="1.990" /><testcase classname="tests.test_s1_warmup_campaign" name="test_warmup_runtime_seeded_resume_boundaries[261395-S1-geometric-w256]" time="1.987" /><testcase classname="tests.test_s1_warmup_campaign" name="test_warmup_runtime_seeded_resume_boundaries[261396-S1-linear-w256]" time="1.477" /><testcase classname="tests.test_s1_warmup_campaign" name="test_warmup_runtime_seeded_resume_boundaries[261396-S1-geometric-w256]" time="1.559" /><testcase classname="tests.test_s1_warmup_campaign" name="test_warmup_runtime_seeded_resume_boundaries[261397-S1-linear-w256]" time="1.480" /><testcase classname="tests.test_s1_warmup_campaign" name="test_warmup_runtime_seeded_resume_boundaries[261397-S1-geometric-w256]" time="1.480" /><testcase classname="tests.test_s1_warmup_campaign" name="test_warmup_runtime_seeded_resume_boundaries[348527-S1-linear-w256]" time="1.507" /><testcase classname="tests.test_s1_warmup_campaign" name="test_warmup_runtime_seeded_resume_boundaries[348527-S1-geometric-w256]" time="1.595" /><testcase classname="tests.test_s1_warmup_campaign" name="test_warmup_runtime_shared_tail_and_grid_summary[S1-linear-w256]" time="0.572" /><testcase classname="tests.test_s1_warmup_campaign" name="test_warmup_runtime_shared_tail_and_grid_summary[S1-geometric-w256]" time="0.551" /><testcase classname="tests.test_s1_warmup_campaign" name="test_warmup_runtime_rejects_before_mutation[cross_run-S1-linear-w256]" time="0.661" /><testcase classname="tests.test_s1_warmup_campaign" name="test_warmup_runtime_rejects_before_mutation[cross_run-S1-geometric-w256]" time="0.658" /><testcase classname="tests.test_s1_warmup_campaign" name="test_warmup_runtime_rejects_before_mutation[grid-S1-linear-w256]" time="0.738" /><testcase classname="tests.test_s1_warmup_campaign" name="test_warmup_runtime_rejects_before_mutation[grid-S1-geometric-w256]" time="0.660" /><testcase classname="tests.test_s1_warmup_campaign" name="test_warmup_runtime_rejects_before_mutation[warmup64-S1-linear-w256]" time="0.659" /><testcase classname="tests.test_s1_warmup_campaign" name="test_warmup_runtime_rejects_before_mutation[warmup64-S1-geometric-w256]" time="0.701" /><testcase classname="tests.test_s1_warmup_campaign" name="test_warmup_runtime_rejects_before_mutation[horizon-S1-linear-w256]" time="0.692" /><testcase classname="tests.test_s1_warmup_campaign" name="test_warmup_runtime_rejects_before_mutation[horizon-S1-geometric-w256]" time="0.691" /><testcase classname="tests.test_s1_warmup_campaign" name="test_warmup_runtime_rejects_before_mutation[model_only-S1-linear-w256]" time="0.693" /><testcase classname="tests.test_s1_warmup_campaign" name="test_warmup_runtime_rejects_before_mutation[model_only-S1-geometric-w256]" time="0.690" /><testcase classname="tests.test_s1_warmup_campaign" name="test_warmup_runtime_rejects_before_mutation[nan-S1-linear-w256]" time="0.708" /><testcase classname="tests.test_s1_warmup_campaign" name="test_warmup_runtime_rejects_before_mutation[nan-S1-geometric-w256]" time="0.685" /><testcase classname="tests.test_s1_warmup_campaign" name="test_warmup_runtime_rejects_before_mutation[clock-S1-linear-w256]" time="0.693" /><testcase classname="tests.test_s1_warmup_campaign" name="test_warmup_runtime_rejects_before_mutation[clock-S1-geometric-w256]" time="0.667" /><testcase classname="tests.test_s1_warmup_campaign" name="test_warmup_runtime_rejects_before_mutation[cursor-S1-linear-w256]" time="0.678" /><testcase classname="tests.test_s1_warmup_campaign" name="test_warmup_runtime_rejects_before_mutation[cursor-S1-geometric-w256]" time="0.679" /><testcase classname="tests.test_s1_warmup_campaign" name="test_warmup_runtime_rejects_before_mutation[rng-S1-linear-w256]" time="0.673" /><testcase classname="tests.test_s1_warmup_campaign" name="test_warmup_runtime_rejects_before_mutation[rng-S1-geometric-w256]" time="0.672" /><testcase classname="tests.test_s1_warmup_campaign" name="test_warmup_runtime_rejects_before_mutation[metrics-S1-linear-w256]" time="0.760" /><testcase classname="tests.test_s1_warmup_campaign" name="test_warmup_runtime_rejects_before_mutation[metrics-S1-geometric-w256]" time="0.675" /><testcase classname="tests.test_s1_warmup_campaign" name="test_warmup_runtime_partial_failure_preserves_durable[optimizer-S1-linear-w256]" time="0.368" /><testcase classname="tests.test_s1_warmup_campaign" name="test_warmup_runtime_partial_failure_preserves_durable[optimizer-S1-geometric-w256]" time="0.363" /><testcase classname="tests.test_s1_warmup_campaign" name="test_warmup_runtime_partial_failure_preserves_durable[scheduler-S1-linear-w256]" time="0.361" /><testcase classname="tests.test_s1_warmup_campaign" name="test_warmup_runtime_partial_failure_preserves_durable[scheduler-S1-geometric-w256]" time="0.359" /><testcase classname="tests.test_s1_warmup_campaign" name="test_warmup_runtime_partial_failure_preserves_durable[accounting-S1-linear-w256]" time="0.366" /><testcase classname="tests.test_s1_warmup_campaign" name="test_warmup_runtime_partial_failure_preserves_durable[accounting-S1-geometric-w256]" time="0.386" /><testcase classname="tests.test_s1_warmup_campaign" name="test_warmup_runtime_terminal_only_recovery[S1-linear-w256]" time="0.551" /><testcase classname="tests.test_s1_warmup_campaign" name="test_warmup_runtime_terminal_only_recovery[S1-geometric-w256]" time="0.543" /><testcase classname="tests.test_s1_warmup_campaign" name="test_warmup_runtime_trainer_reentry_zero_extra_updates[S1-linear-w256]" time="1.081" /><testcase classname="tests.test_s1_warmup_campaign" name="test_warmup_runtime_trainer_reentry_zero_extra_updates[S1-geometric-w256]" time="1.094" /></testsuite></testsuites>